<?xml version="1.0" encoding="UTF-8"?>
<!-- Generated by org.testng.reporters.JUnitReportReporter -->
<testsuite skipped="0" hostname="dell-PC" name="com.qa.testcases.Assert" tests="2" failures="0" timestamp="2021-10-31T16:07:59 IST" time="0.018" errors="0">
  <testcase name="assertTest" time="0.016" classname="com.qa.testcases.Assert"/>
  <system-out/>
  <testcase name="assertTest1" time="0.002" classname="com.qa.testcases.Assert"/>
  <system-out/>
</testsuite> <!-- com.qa.testcases.Assert -->
